<?xml version='1.0' encoding='UTF-8'?>
<testsuite hostname="garuda-pc" name="test.RationalTest" tests="3" errors="0" failures="0" skipped="0" time="0.048" timestamp="2023-04-24T13:09:05">
          <properties>
[...]
</properties>
          <testcase classname="test.RationalTest" name="Rational Inititalisation 1" time="0.044">
                      
                    </testcase><testcase classname="test.RationalTest" name="Rational Inititalisation 2" time="0.002">
                      
                    </testcase><testcase classname="test.RationalTest" name="Test requirement (denominator!=0)" time="0.002">
                      
                    </testcase>
          <system-out><![CDATA[]]></system-out>
          <system-err><![CDATA[]]></system-err>
        </testsuite>